<?xml version="1.0" ?>
<testsuites errors="0" failures="4" name="RegressionTests" tests="109" time="1463">
  <!--Generated by SpongeBob on 2019-01-18 21:00:24.911672-->
  <testsuite errors="0" failures="4" name="small" tests="109">
    <testcase name="aim" time="19"/>
    <testcase name="aim_brine" time="20"/>
    <testcase name="aim_ixf_enhancements" time="12"/>
    <testcase name="aim_noge" time="19"/>
    <testcase name="aim_nopython" time="10"/>
    <testcase name="aim_nopython_2cpu" time="NA">
      <skipped message="Skipped run by request." type="skipped"/>
    </testcase>
    <testcase name="aim_py_qname" time="13"/>
    <testcase name="alt_grav_drainage" time="15"/>
    <testcase name="alt_grav_sigmagdv" time="15"/>
    <testcase name="bo_well_2cpu" time="NA">
      <skipped message="Skipped diff by request." type="skipped"/>
    </testcase>
    <testcase name="bo_well_2thread" time="27"/>
    <testcase name="case1" time="20"/>
    <testcase name="case23m" time="20"/>
    <testcase name="ch_strip_cyclic_burden_28cp_short" time="20"/>
    <testcase name="co2sol" time="16"/>
    <testcase name="co2_4x" time="9"/>
    <testcase name="Coarsen_FSI" time="11"/>
    <testcase name="Coarsen_lgr_2DXY" time="12"/>
    <testcase name="Coarsen_pinch2" time="12"/>
    <testcase name="connectionset_dualperm_aquifer" time="12"/>
    <testcase name="connectionset_dualperm_aquifer_r" time="11"/>
    <testcase name="connectionset_faultnncr" time="10"/>
    <testcase name="connectionset_nncgen_editnncr" time="19"/>
    <testcase name="connectionset_nncgen_editnncrc" time="23"/>
    <testcase name="connectionset_pinchnncr" time="10"/>
    <testcase name="connectionset_pinchnncrc" time="9"/>
    <testcase name="depogrid_box" time="12"/>
    <testcase name="dfactor_input" time="15">
      <failure message="Difference against Gold above tolerances." type="failure"/>
    </testcase>
    <testcase name="dx24" time="17"/>
    <testcase name="ecl2ix_comp" time="15"/>
    <testcase name="ecl2ix_comp_cpy" time="16"/>
    <testcase name="ecl2ix_grp1" time="25"/>
    <testcase name="ecl2ix_q_pri" time="20"/>
    <testcase name="ecl2ix_q_seq" time="23"/>
    <testcase name="ecl2ix_sch" time="19"/>
    <testcase name="ecl_region_names" time="11"/>
    <testcase name="faultthpres" time="10"/>
    <testcase name="gap_multi_network" time="11"/>
    <testcase name="gap_test" time="8"/>
    <testcase name="gassol" time="9"/>
    <testcase name="halo_conn_set" time="13"/>
    <testcase name="hybrid_ctf" time="19"/>
    <testcase name="imbibition" time="11"/>
    <testcase name="ix_spe5_tl" time="14"/>
    <testcase name="ix_spe5_tl_noge" time="12"/>
    <testcase name="ix_spe5_tl_noge_restart" time="10"/>
    <testcase name="ix_spe5_tl_restart" time="11"/>
    <testcase name="kval_sep" time="12"/>
    <testcase name="lgr_2d5" time="15"/>
    <testcase name="lgr_e100_ds_gsg" time="28"/>
    <testcase name="Manara" time="8"/>
    <testcase name="minas7715" time="21"/>
    <testcase name="mlat1" time="28"/>
    <testcase name="mlat1_nv" time="16"/>
    <testcase name="mpfa" time="21"/>
    <testcase name="mpfa_trans_calc" time="19"/>
    <testcase name="mpfa_trans_calc_h5" time="14"/>
    <testcase name="mpfa_trans_calc_vtk" time="NA">
      <skipped message="Skipped run by request." type="skipped"/>
    </testcase>
    <testcase name="multx_multpv_edit" time="9">
      <failure message="Difference against Gold above tolerances." type="failure"/>
    </testcase>
    <testcase name="nnc" time="15"/>
    <testcase name="odeh" time="13"/>
    <testcase name="odeh_well" time="5"/>
    <testcase name="pgrid_aquifer_full" time="10"/>
    <testcase name="pinch_multz" time="12"/>
    <testcase name="pi_multiplier" time="12"/>
    <testcase name="poly_brine_non_pc_with_wsc_3cpu" time="20"/>
    <testcase name="poly_brine_pc_with_wsc_3cpu" time="23"/>
    <testcase name="poly_brine_surf_alcohol" time="11"/>
    <testcase name="reaction_flash_kvcr" time="13"/>
    <testcase name="reaction_flash_table" time="9">
      <failure message="Difference against Gold above tolerances." type="failure"/>
    </testcase>
    <testcase name="RESQML_pillar" time="18"/>
    <testcase name="RESQML_pillar_multi_split" time="5"/>
    <testcase name="RESQML_properties" time="13"/>
    <testcase name="RESQML_unstructured" time="43"/>
    <testcase name="rockv" time="9"/>
    <testcase name="SAGD_IX_FM" time="12"/>
    <testcase name="sepvals_api_inj" time="13"/>
    <testcase name="sepvals_resv" time="10"/>
    <testcase name="single_brine" time="10"/>
    <testcase name="single_brine_polymer" time="10"/>
    <testcase name="single_polymer" time="10"/>
    <testcase name="skip_timestep" time="NA">
      <skipped message="Skipped diff by request." type="skipped"/>
    </testcase>
    <testcase name="spe3g_nosep" time="10"/>
    <testcase name="sugar_box_refined" time="4"/>
    <testcase name="sugar_box_refined_2cpu" time="4"/>
    <testcase name="sugar_box_simple" time="2"/>
    <testcase name="superc" time="14"/>
    <testcase name="superc_vfp_plugin" time="11"/>
    <testcase name="surfactant_stage1" time="7"/>
    <testcase name="surfactant_stage2" time="23"/>
    <testcase name="surfactant_stage2_nv" time="17"/>
    <testcase name="surf_poly_owg" time="10"/>
    <testcase name="surf_poly_smooth_relperm" time="10"/>
    <testcase name="surf_poly_type_II_minus" time="8"/>
    <testcase name="temperature_dependent_heat_conductivity" time="12"/>
    <testcase name="thermal" time="16"/>
    <testcase name="thermal_csiw" time="13"/>
    <testcase name="thermal_mixing_rule" time="16">
      <failure message="Difference against Gold above tolerances." type="failure"/>
    </testcase>
    <testcase name="thp_gaslift_dfac" time="14"/>
    <testcase name="thp_solvent" time="15"/>
    <testcase name="tracer" time="20"/>
    <testcase name="tranxyz_fault" time="12"/>
    <testcase name="vappars" time="21"/>
    <testcase name="well_trajectory_csv" time="10"/>
    <testcase name="wm_gas_handling" time="14"/>
    <testcase name="wm_gas_handling_py_qname" time="9"/>
    <testcase name="wm_ix_comp" time="9"/>
    <testcase name="wpimult_action" time="10"/>
    <testcase name="ww3p_small" time="NA">
      <skipped message="Skipped diff by request." type="skipped"/>
    </testcase>
  </testsuite>
  <testsuite errors="0" failures="4" name="small" tests="109">
    <testcase name="SAGD_IX_FM" time="12"/>
    <testcase name="sepvals_api_inj" time="13"/>
    <testcase name="sepvals_resv" time="10"/>
    <testcase name="single_brine" time="10"/>
    <testcase name="single_brine_polymer" time="10"/>
    <testcase name="single_polymer" time="10"/>
    <testcase name="skip_timestep" time="NA">
      <skipped message="Skipped diff by request." type="skipped"/>
    </testcase>
    <testcase name="spe3g_nosep" time="10"/>
    <testcase name="sugar_box_refined" time="4"/>
    <testcase name="sugar_box_refined_2cpu" time="4"/>
    <testcase name="sugar_box_simple" time="2"/>
    <testcase name="superc" time="14"/>
    <testcase name="superc_vfp_plugin" time="11"/>
    <testcase name="surfactant_stage1" time="7"/>
    <testcase name="surfactant_stage2" time="23"/>
    <testcase name="surfactant_stage2_nv" time="17"/>
    <testcase name="surf_poly_owg" time="10"/>
    <testcase name="surf_poly_smooth_relperm" time="10"/>
    <testcase name="surf_poly_type_II_minus" time="8"/>
    <testcase name="temperature_dependent_heat_conductivity" time="12"/>
    <testcase name="thermal" time="16"/>
    <testcase name="thermal_csiw" time="13"/>
    <testcase name="thermal_mixing_rule" time="16">
      <failure message="Difference against Gold above tolerances." type="failure"/>
    </testcase>
    <testcase name="thp_gaslift_dfac" time="14"/>
    <testcase name="thp_solvent" time="15"/>
    <testcase name="tracer" time="20"/>
    <testcase name="tranxyz_fault" time="12"/>
    <testcase name="vappars" time="21"/>
    <testcase name="well_trajectory_csv" time="10"/>
    <testcase name="wm_gas_handling" time="14"/>
    <testcase name="wm_gas_handling_py_qname" time="9"/>
    <testcase name="wm_ix_comp" time="9"/>
    <testcase name="wpimult_action" time="10"/>
    <testcase name="ww3p_small" time="NA">
      <skipped message="Skipped diff by request." type="skipped"/>
    </testcase>
  </testsuite>
</testsuites>
