<?xml version="1.0" encoding="UTF-8"?>
<test-run id="2" testcasecount="1" result="Passed" total="1" passed="1" failed="0" inconclusive="0" skipped="0" asserts="1" engine-version="3.6.1.0" clr-version="4.0.30319.42000" start-time="2018-12-13 13:00:01Z" end-time="2018-12-13 13:00:06Z"  time="2.7" duration="2.7">
  <test-suite type="Assembly" name="Ass_EDEM_TESTS_CPU" executed="True" result="Failure" success="False" time="0.824" duration="0.824"  asserts="0">
    <environment framework-version="3.5.0.0" clr-version="2.0.50727.8784" os-version="Microsoft Windows NT 10.0.15063.0" platform="Win32NT" cwd="C:\NUnit" machine-name="Imaginary" user="Imaginary_USER" user-domain="JUSTGIVING01" culture="en-GB" uiculture="en-US" os-architecture="x64" />
    <test-suite type="TestSuite" id="0" name="EDEM_TESTS_CPU" fullname="NUnitEDEM_TESTS_CPU" runstate="Runnable" testcasecount="1" result="Passed" start-time="2018-12-13 13:00:01Z" end-time="2018-12-13 13:00:04Z" time="2.666" duration="2.666" total="1" passed="1" failed="0" inconclusive="0" skipped="0" asserts="1">
      <test-case name="001-pass" tests="1" time="2.43181300163269"  duration="2.43181300163269" fullname="NUnit.Engine.Addins.001-pass" methodname="001-passCheckExtensionAttribute" classname="NUnit.Engine.Addins.001-pass_class" runstate="Runnable" seed="2009537471" result="Passed" start-time="2018-12-13 13:00:01Z" end-time="2018-12-13 13:00:02Z" asserts="1">
      </test-case>
    </test-suite>
  </test-suite>
</test-run>
